<?xml version="1.0" encoding="UTF-8"?>
<!-- Generated by org.testng.reporters.JUnitReportReporter -->
<testsuite skipped="0" hostname="PCDEFRAPC0MAB1H" name="Babbel.SignInPageTest" tests="2" failures="0" timestamp="02 Sep 2020 14:33:52 GMT" time="37.915" errors="0">
  <testcase name="signInWithEmail" time="17.176" classname="Babbel.SignInPageTest"/>
  <testcase name="signInWithEmail" time="20.739" classname="Babbel.SignInPageTest"/>
</testsuite> <!-- Babbel.SignInPageTest -->
