<?xml version="1.0" encoding="UTF-8"?>
<!-- Generated by org.testng.reporters.JUnitReportReporter -->
<testsuite skipped="0" hostname="PCDEFRAPC0MAB1H" name="Babbel.HomePageTest" tests="1" failures="0" timestamp="02 Sep 2020 14:33:52 GMT" time="4.523" errors="0">
  <testcase name="changeLanguage" time="4.523" classname="Babbel.HomePageTest"/>
</testsuite> <!-- Babbel.HomePageTest -->
