<?xml version="1.0" encoding="UTF-8"?>
<!-- Generated by org.testng.reporters.JUnitReportReporter -->
<testsuite skipped="0" hostname="PCDEFRAPC0MAB1H" name="Babbel.ForgotPageTest" tests="1" failures="0" timestamp="02 Sep 2020 14:33:52 GMT" time="16.108" errors="0">
  <testcase name="emailMobileAssistance" time="16.108" classname="Babbel.ForgotPageTest"/>
</testsuite> <!-- Babbel.ForgotPageTest -->
