<?xml version="1.0" encoding="UTF-8"?>
<!-- Generated by org.testng.reporters.JUnitReportReporter -->
<testsuite skipped="0" hostname="PCDEFRAPC0MAB1H" name="BabbelMobileApp.HomePageTest" tests="1" failures="0" timestamp="02 Sep 2020 17:12:32 GMT" time="17.614" errors="0">
  <testcase name="homePageConfirmationTest" time="17.614" classname="BabbelMobileApp.HomePageTest"/>
</testsuite> <!-- BabbelMobileApp.HomePageTest -->
