<?xml version="1.0" encoding="UTF-8"?>
<!-- Generated by org.testng.reporters.JUnitReportReporter -->
<testsuite skipped="0" hostname="PCDEFRAPC0MAB1H" name="BabbelMobileApp.WelcomePageTest" tests="1" failures="0" timestamp="02 Sep 2020 17:12:32 GMT" time="18.016" errors="0">
  <testcase name="welcomePageConfirmation" time="18.016" classname="BabbelMobileApp.WelcomePageTest"/>
</testsuite> <!-- BabbelMobileApp.WelcomePageTest -->
