<?xml version="1.0" encoding="UTF-8"?>
<!-- Generated by org.testng.reporters.JUnitReportReporter -->
<testsuite skipped="0" hostname="PCDEFRAPC0MAB1H" name="BabbelMobileApp.LoginPageTest" tests="2" failures="0" timestamp="02 Sep 2020 17:12:32 GMT" time="33.739" errors="0">
  <testcase name="validUserLoginTest" time="16.981" classname="BabbelMobileApp.LoginPageTest"/>
  <testcase name="validUserLoginTest" time="16.758" classname="BabbelMobileApp.LoginPageTest"/>
</testsuite> <!-- BabbelMobileApp.LoginPageTest -->
